2026-03-01 00:04:01,043 - utils - INFO - Preview webcam (tekan 'q' atau ESC untuk keluar)...
2026-03-01 00:04:14,800 - utils - INFO - Preview ditutup
2026-03-01 00:06:13,980 - utils - INFO - Memulai card image processing...
2026-03-01 00:06:19,285 - utils - INFO - Memulai card image processing...
2026-03-01 00:06:23,918 - utils - INFO - Memulai card image processing...
2026-03-01 00:06:30,814 - utils - INFO - Memulai card image processing...
2026-03-01 00:07:10,445 - utils - INFO - Memulai card image processing...
2026-03-01 00:08:03,168 - utils - INFO - Memulai card image processing...
2026-03-01 00:10:39,434 - utils - INFO - Preview webcam (tekan 'q' atau ESC untuk keluar)...
2026-03-01 00:11:31,222 - utils - INFO - Preview ditutup
2026-03-01 00:11:42,691 - utils - INFO - Preview webcam (tekan 'q' atau ESC untuk keluar)...
2026-03-01 00:11:44,030 - utils - INFO - Preview ditutup
2026-03-01 00:12:00,942 - utils - INFO - Memulai card image processing...
2026-03-01 00:12:27,714 - utils - INFO - Memulai card image processing...
2026-03-01 00:12:41,111 - utils - INFO - Memulai card image processing...
2026-03-01 00:12:48,282 - utils - INFO - Memulai card image processing...
2026-03-01 09:13:08,690 - utils - INFO - Preview webcam (tekan 'q' atau ESC untuk keluar)...
2026-03-01 09:13:17,663 - utils - INFO - Preview ditutup
2026-03-01 09:21:39,765 - utils - INFO - Prepare untuk capture 4 frame...
2026-03-01 09:21:39,765 - utils - INFO - Capture frame 1/4...
2026-03-01 09:21:41,454 - utils - INFO - Capture frame 2/4...
2026-03-01 09:21:42,485 - utils - INFO - Capture frame 3/4...
2026-03-01 09:21:43,523 - utils - INFO - Capture frame 4/4...
2026-03-01 09:22:36,040 - utils - INFO - Prepare untuk capture 4 frame...
2026-03-01 09:22:36,041 - utils - INFO - Capture frame 1/4...
2026-03-01 09:22:37,753 - utils - INFO - Capture frame 2/4...
2026-03-01 09:22:38,777 - utils - INFO - Capture frame 3/4...
2026-03-01 09:22:39,804 - utils - INFO - Capture frame 4/4...
2026-03-01 09:28:18,943 - utils - INFO - Preview webcam (tekan 'q' atau ESC untuk keluar)...
2026-03-01 09:28:56,320 - utils - INFO - Prepare untuk capture 4 frame...
2026-03-01 09:28:56,321 - utils - INFO - Capture frame 1/4...
2026-03-01 09:28:57,064 - utils - INFO - Preview ditutup
2026-03-01 09:28:57,355 - utils - INFO - Capture frame 2/4...
2026-03-01 09:28:58,381 - utils - INFO - Capture frame 3/4...
2026-03-01 09:28:59,407 - utils - INFO - Capture frame 4/4...
2026-03-01 09:29:44,176 - utils - INFO - Prepare untuk capture 4 frame...
2026-03-01 09:29:44,177 - utils - INFO - Capture frame 1/4...
2026-03-01 09:29:45,866 - utils - INFO - Capture frame 2/4...
2026-03-01 09:29:46,884 - utils - INFO - Capture frame 3/4...
2026-03-01 09:29:47,918 - utils - INFO - Capture frame 4/4...
2026-03-01 09:37:28,054 - utils - INFO - Prepare untuk capture 4 frame...
2026-03-01 09:37:28,055 - utils - INFO - Capture frame 1/4...
2026-03-01 09:37:29,787 - utils - INFO - Capture frame 2/4...
2026-03-01 09:37:30,825 - utils - INFO - Capture frame 3/4...
2026-03-01 09:37:31,864 - utils - INFO - Capture frame 4/4...
2026-03-01 09:44:06,606 - utils - INFO - Memulai card image processing...
2026-03-01 09:45:24,437 - utils - INFO - Preview webcam (tekan 'q' atau ESC untuk keluar)...
2026-03-01 09:45:24,486 - utils - INFO - Preview ditutup
2026-03-01 09:46:24,992 - utils - INFO - Preview webcam (tekan 'q' atau ESC untuk keluar)...
2026-03-01 09:46:32,274 - utils - INFO - Preview ditutup
2026-03-01 09:46:55,966 - utils - INFO - Memulai card image processing...
2026-03-01 09:47:15,569 - utils - INFO - Prepare untuk capture 4 frame...
2026-03-01 09:47:15,570 - utils - INFO - Capture frame 1/4...
2026-03-01 09:47:17,256 - utils - INFO - Capture frame 2/4...
2026-03-01 09:47:18,282 - utils - INFO - Capture frame 3/4...
2026-03-01 09:47:19,305 - utils - INFO - Capture frame 4/4...
